Start testing: Jun 27 16:50 MSK
----------------------------------------------------------
1/2 Testing: test_client
1/2 Test: test_client
Command: "/home/archangel/ChatServerClient/build/test_client"
Directory: /home/archangel/ChatServerClient/build
"test_client" start time: Jun 27 16:50 MSK
Output:
----------------------------------------------------------
[doctest] doctest version is "2.4.11"
[doctest] run with "--help" for options
===============================================================================
[doctest] test cases: 3 | 3 passed | 0 failed | 0 skipped
[doctest] assertions: 8 | 8 passed | 0 failed |
[doctest] Status: SUCCESS!
<end of output>
Test time =   0.01 sec
----------------------------------------------------------
Test Passed.
"test_client" end time: Jun 27 16:50 MSK
"test_client" time elapsed: 00:00:00
----------------------------------------------------------

2/2 Testing: test_server
2/2 Test: test_server
Command: "/home/archangel/ChatServerClient/build/test_server"
Directory: /home/archangel/ChatServerClient/build
"test_server" start time: Jun 27 16:50 MSK
Output:
----------------------------------------------------------
[doctest] doctest version is "2.4.11"
[doctest] run with "--help" for options
===============================================================================
/home/archangel/ChatServerClient/tests/test_server.cpp:28:
TEST CASE:  Обработка подключения участника
  Отрицательный тест: ошибка подключения

/home/archangel/ChatServerClient/tests/test_server.cpp:41: ERROR: CHECK_THROWS_AS( participant->nicknameHandler(ec), std::runtime_error ) did NOT throw at all!

===============================================================================
/home/archangel/ChatServerClient/tests/test_server.cpp:45:
TEST CASE:  Обработка сообщений участника
  Отрицательный тест: ошибка чтения сообщения

/home/archangel/ChatServerClient/tests/test_server.cpp:58: ERROR: CHECK_THROWS_AS( participant->readHandler(ec), std::runtime_error ) did NOT throw at all!

===============================================================================
[doctest] test cases: 3 | 1 passed | 2 failed | 0 skipped
[doctest] assertions: 6 | 4 passed | 2 failed |
[doctest] Status: FAILURE!
<end of output>
Test time =   0.00 sec
----------------------------------------------------------
Test Failed.
"test_server" end time: Jun 27 16:50 MSK
"test_server" time elapsed: 00:00:00
----------------------------------------------------------

End testing: Jun 27 16:50 MSK
